<?xml version="1.0" encoding="utf-8"?><testsuites name="pytest tests"><testsuite name="pytest" errors="0" failures="0" skipped="0" tests="8" time="42.415" timestamp="2026-07-27T16:16:56.223590+00:00" hostname="agent-env-5c83db4e-3642-4890-877f-89f9197aa2b1"><testcase classname="backend.tests.test_article_aliases.TestAliasesMap" name="test_structure" time="30.266" /><testcase classname="backend.tests.test_article_aliases.TestAliasesMap" name="test_counts" time="0.000" /><testcase classname="backend.tests.test_article_aliases.TestAliasesMap" name="test_specific_aliases_present" time="0.000" /><testcase classname="backend.tests.test_article_aliases.TestAiTldrAliasResolution" name="test_xian_incident_alias" time="11.455" /><testcase classname="backend.tests.test_article_aliases.TestAiTldrAliasResolution" name="test_hbs_titlecase_alias" time="0.240" /><testcase classname="backend.tests.test_article_aliases.TestAiTldrAliasResolution" name="test_hbs_lowercase_alias" time="0.122" /><testcase classname="backend.tests.test_article_aliases.TestAiTldrAliasResolution" name="test_direct_canonical_no_alias" time="0.126" /><testcase classname="backend.tests.test_article_aliases.TestAiTldrAliasResolution" name="test_fake_slug_still_404" time="0.136" /></testsuite></testsuites>