<?xml version="1.0" encoding="utf-8"?><testsuites name="pytest tests"><testsuite name="pytest" errors="0" failures="2" skipped="0" tests="29" time="3.714" timestamp="2026-07-26T18:22:16.148226+00:00" hostname="agent-env-5c83db4e-3642-4890-877f-89f9197aa2b1"><testcase classname="backend.tests.test_geo_playbook" name="test_article_has_ai_retrieval_card[theories/core-code-theory.html]" time="0.333" /><testcase classname="backend.tests.test_geo_playbook" name="test_article_has_ai_retrieval_card[theories/ddrt.html]" time="0.106" /><testcase classname="backend.tests.test_geo_playbook" name="test_article_has_ai_retrieval_card[theories/home-model.html]" time="0.142" /><testcase classname="backend.tests.test_geo_playbook" name="test_article_has_ai_retrieval_card[theories/management-debt.html]" time="0.158" /><testcase classname="backend.tests.test_geo_playbook" name="test_article_has_ai_retrieval_card[publications/xian-incident-republican-china-politics.html]" time="0.155" /><testcase classname="backend.tests.test_geo_playbook" name="test_article_has_ai_retrieval_card[intelligence-market-report.html]" time="0.110" /><testcase classname="backend.tests.test_geo_playbook" name="test_article_has_ai_retrieval_card[intelligence-vol01.html]" time="0.108" /><testcase classname="backend.tests.test_geo_playbook" name="test_article_has_ai_retrieval_card[landing/ai-pricing.html]" time="0.103" /><testcase classname="backend.tests.test_geo_playbook" name="test_bilingual_or_en_field_labels[theories/core-code-theory.html]" time="0.105" /><testcase classname="backend.tests.test_geo_playbook" name="test_bilingual_or_en_field_labels[theories/ddrt.html]" time="0.100" /><testcase classname="backend.tests.test_geo_playbook" name="test_bilingual_or_en_field_labels[theories/home-model.html]" time="0.145" /><testcase classname="backend.tests.test_geo_playbook" name="test_bilingual_or_en_field_labels[theories/management-debt.html]" time="0.110" /><testcase classname="backend.tests.test_geo_playbook" name="test_bilingual_or_en_field_labels[intelligence-market-report.html]" time="0.112" /><testcase classname="backend.tests.test_geo_playbook" name="test_bilingual_or_en_field_labels[intelligence-vol01.html]" time="0.105" /><testcase classname="backend.tests.test_geo_playbook" name="test_core_code_card_positioned_inside_article" time="0.105" /><testcase classname="backend.tests.test_geo_playbook" name="test_pre_existing_jsonld_graph_intact" time="0.166" /><testcase classname="backend.tests.test_geo_playbook" name="test_ai_pricing_english_only_card" time="0.138" /><testcase classname="backend.tests.test_geo_playbook" name="test_xian_incident_chinese_card" time="0.123" /><testcase classname="backend.tests.test_geo_playbook" name="test_ai_tldr_core_code_theory" time="0.098" /><testcase classname="backend.tests.test_geo_playbook" name="test_ai_tldr_all_slugs[core-code-theory]" time="0.102" /><testcase classname="backend.tests.test_geo_playbook" name="test_ai_tldr_all_slugs[ddrt]" time="0.111" /><testcase classname="backend.tests.test_geo_playbook" name="test_ai_tldr_all_slugs[home-model]" time="0.110" /><testcase classname="backend.tests.test_geo_playbook" name="test_ai_tldr_all_slugs[management-debt]" time="0.117" /><testcase classname="backend.tests.test_geo_playbook" name="test_ai_tldr_all_slugs[xian-incident-republican-china-politics]" time="0.118"><failure message="AssertionError: xian-incident-republican-china-politics -&gt; 404 {&quot;detail&quot;:&quot;No AI synthesis for slug 'xian-incident-republican-china-politics'&quot;}&#10;assert 404 == 200&#10; +  where 404 = &lt;Response [404]&gt;.status_code">backend/tests/test_geo_playbook.py:111: in test_ai_tldr_all_slugs
    assert r.status_code == 200, f"{slug} -&gt; {r.status_code} {r.text[:200]}"
E   AssertionError: xian-incident-republican-china-politics -&gt; 404 {"detail":"No AI synthesis for slug 'xian-incident-republican-china-politics'"}
E   assert 404 == 200
E    +  where 404 = &lt;Response [404]&gt;.status_code</failure></testcase><testcase classname="backend.tests.test_geo_playbook" name="test_ai_tldr_all_slugs[intelligence-market-report]" time="0.109" /><testcase classname="backend.tests.test_geo_playbook" name="test_ai_tldr_all_slugs[intelligence-vol01]" time="0.105" /><testcase classname="backend.tests.test_geo_playbook" name="test_ai_tldr_all_slugs[ai-pricing]" time="0.099" /><testcase classname="backend.tests.test_geo_playbook" name="test_ai_tldr_not_found" time="0.104" /><testcase classname="backend.tests.test_geo_playbook" name="test_aliases_map_shape_and_slugs" time="0.103"><failure message="AssertionError: canonicals missing 'xian-incident-republican-china-politics'&#10;assert 'xian-incident-republican-china-politics' in {'ai-pricing': 'https://insightbridge.global/landing/ai-pricing.html', 'core-code-theory': 'https://insightbridge.global/theories/core-code-theory.html', 'ddrt': 'https://insightbridge.global/theories/ddrt.html', 'home-model': 'https://insightbridge.global/theories/home-model.html', ...}">backend/tests/test_geo_playbook.py:134: in test_aliases_map_shape_and_slugs
    assert slug in canonicals, f"canonicals missing '{slug}'"
E   AssertionError: canonicals missing 'xian-incident-republican-china-politics'
E   assert 'xian-incident-republican-china-politics' in {'ai-pricing': 'https://insightbridge.global/landing/ai-pricing.html', 'core-code-theory': 'https://insightbridge.global/theories/core-code-theory.html', 'ddrt': 'https://insightbridge.global/theories/ddrt.html', 'home-model': 'https://insightbridge.global/theories/home-model.html', ...}</failure></testcase></testsuite></testsuites>